<?xml version="1.0" encoding="UTF-8"?>
<testsuite xmlns:xsi="http://www.w3.org/2001/XMLSchema-instance" xsi:noNamespaceSchemaLocation="https://maven.apache.org/surefire/maven-surefire-plugin/xsd/surefire-test-report-3.0.xsd" version="3.0" name="br.facens.devops.calculadora.CalculadoraApplicationTests" time="5.891" tests="5" errors="0" skipped="0" failures="0">
  <properties>
[...]
</properties>
  <testcase name="testSubtrair" classname="br.facens.devops.calculadora.CalculadoraApplicationTests" time="1.961">
    <system-out><![CDATA[18:20:46.386 [main] INFO org.springframework.test.context.support.AnnotationConfigContextLoaderUtils -- Could not detect default configuration classes for test class [br.facens.devops.calculadora.CalculadoraApplicationTests]: CalculadoraApplicationTests does not declare any static, non-private, non-final, nested classes annotated with @Configuration.
18:20:46.649 [main] INFO org.springframework.boot.test.context.SpringBootTestContextBootstrapper -- Found @SpringBootConfiguration br.facens.devops.calculadora.CalculadoraApplication for test class br.facens.devops.calculadora.CalculadoraApplicationTests
18:20:46.985 [main] INFO org.springframework.boot.devtools.restart.RestartApplicationListener -- Restart disabled due to context in which it is running

  .   ____          _            __ _ _
 /\\ / ___'_ __ _ _(_)_ __  __ _ \ \ \ \
( ( )\___ | '_ | '_| | '_ \/ _` | \ \ \ \
 \\/  ___)| |_)| | | | | || (_| |  ) ) ) )
  '  |____| .__|_| |_|_| |_\__, | / / / /
 =========|_|==============|___/=/_/_/_/

 :: Spring Boot ::                (v3.3.3)

2024-09-19T18:20:47.508-03:00  INFO 19280 --- [calculadora] [           main] b.f.d.c.CalculadoraApplicationTests      : Starting CalculadoraApplicationTests using Java 17.0.2 with PID 19280 (started by redamazio in C:\workspace\calculadora)
2024-09-19T18:20:47.511-03:00  INFO 19280 --- [calculadora] [           main] b.f.d.c.CalculadoraApplicationTests      : No active profile set, falling back to 1 default profile: "default"
2024-09-19T18:20:49.833-03:00  INFO 19280 --- [calculadora] [           main] b.f.d.c.CalculadoraApplicationTests      : Started CalculadoraApplicationTests in 2.874 seconds (process running for 5.126)
]]></system-out>
  </testcase>
  <testcase name="testSomar" classname="br.facens.devops.calculadora.CalculadoraApplicationTests" time="0.008"/>
  <testcase name="testMultiplicar" classname="br.facens.devops.calculadora.CalculadoraApplicationTests" time="0.006"/>
  <testcase name="contextLoads" classname="br.facens.devops.calculadora.CalculadoraApplicationTests" time="0.011"/>
  <testcase name="testDividir" classname="br.facens.devops.calculadora.CalculadoraApplicationTests" time="0.006"/>
</testsuite>